<?xml version="1.0" encoding="UTF-8"?>
<testng-results skipped="0" failed="0" ignored="0" total="1" passed="1">
  <reporter-output>
  </reporter-output>
  <suite name="Default suite" duration-ms="14647" started-at="2019-10-11T04:21:07 EET" finished-at="2019-10-11T04:21:22 EET">
    <groups>
    </groups>
    <test name="Default test" duration-ms="14647" started-at="2019-10-11T04:21:07 EET" finished-at="2019-10-11T04:21:22 EET">
      <class name="ZeynepDinc.WebsiteCreaterByAutomatical.Automation">
        <test-method status="PASS" signature="AutomatiOnWebSite()[pri:0, instance:ZeynepDinc.WebsiteCreaterByAutomatical.Automation@5e955596]" name="AutomatiOnWebSite" duration-ms="14600" started-at="2019-10-11T04:21:07 EET" finished-at="2019-10-11T04:21:22 EET">
          <reporter-output>
          </reporter-output>
        </test-method> <!-- AutomatiOnWebSite -->
      </class> <!-- ZeynepDinc.WebsiteCreaterByAutomatical.Automation -->
    </test> <!-- Default test -->
  </suite> <!-- Default suite -->
</testng-results>
